<?xml version="1.0" encoding="utf-8"?><testsuites name="pytest tests"><testsuite name="pytest" errors="0" failures="0" skipped="0" tests="14" time="14.003" timestamp="2026-01-18T12:35:16.080016+00:00" hostname="agent-env-54479ddc-56f9-406e-97e8-dc8ce7a1e7c1"><testcase classname="tests.test_supabase_storage.TestHealthCheck" name="test_health_endpoint" time="0.595" /><testcase classname="tests.test_supabase_storage.TestGameFeed" name="test_get_games_list" time="0.432" /><testcase classname="tests.test_supabase_storage.TestGameFeed" name="test_game_has_required_fields" time="0.448" /><testcase classname="tests.test_supabase_storage.TestGameFeed" name="test_test_clicker_game_has_supabase_urls" time="0.429" /><testcase classname="tests.test_supabase_storage.TestThumbnailStorage" name="test_thumbnail_accessible" time="1.227" /><testcase classname="tests.test_supabase_storage.TestGamePlayer" name="test_game_play_endpoint_returns_html" time="0.971" /><testcase classname="tests.test_supabase_storage.TestGamePlayer" name="test_game_play_increments_play_count" time="1.507" /><testcase classname="tests.test_supabase_storage.TestGamePlayer" name="test_game_meta_endpoint" time="0.433" /><testcase classname="tests.test_supabase_storage.TestAdminAuthentication" name="test_admin_login" time="0.697" /><testcase classname="tests.test_supabase_storage.TestAdminAuthentication" name="test_admin_games_requires_auth" time="0.038" /><testcase classname="tests.test_supabase_storage.TestAdminGameManagement" name="test_admin_get_all_games" time="1.488" /><testcase classname="tests.test_supabase_storage.TestAdminGameManagement" name="test_admin_toggle_visibility" time="2.902" /><testcase classname="tests.test_supabase_storage.TestCategories" name="test_get_categories" time="0.577" /><testcase classname="tests.test_supabase_storage.TestAnalytics" name="test_analytics_overview" time="2.184" /></testsuite></testsuites>