<?xml version="1.0" encoding="utf-8"?><testsuites name="pytest tests"><testsuite name="pytest" errors="0" failures="0" skipped="0" tests="15" time="2.586" timestamp="2026-01-17T16:15:21.108330+00:00" hostname="agent-env-d0808303-d306-4937-b67b-c4045dc3ddbd"><testcase classname="tests.test_p1p2_features.TestAuthentication" name="test_login_success" time="0.307" /><testcase classname="tests.test_p1p2_features.TestAuthentication" name="test_login_invalid_credentials" time="0.042" /><testcase classname="tests.test_p1p2_features.TestGamesAPI" name="test_get_games" time="0.046" /><testcase classname="tests.test_p1p2_features.TestGamesAPI" name="test_get_categories" time="0.042" /><testcase classname="tests.test_p1p2_features.TestAnalyticsOverview" name="test_analytics_overview_requires_auth" time="0.065" /><testcase classname="tests.test_p1p2_features.TestAnalyticsOverview" name="test_analytics_overview_success" time="0.305" /><testcase classname="tests.test_p1p2_features.TestAnalyticsRetention" name="test_retention_requires_auth" time="0.039" /><testcase classname="tests.test_p1p2_features.TestAnalyticsRetention" name="test_retention_success" time="0.299" /><testcase classname="tests.test_p1p2_features.TestAnalyticsExport" name="test_csv_export_requires_auth" time="0.035" /><testcase classname="tests.test_p1p2_features.TestAnalyticsExport" name="test_json_export_requires_auth" time="0.034" /><testcase classname="tests.test_p1p2_features.TestAnalyticsExport" name="test_csv_export_success" time="0.297" /><testcase classname="tests.test_p1p2_features.TestAnalyticsExport" name="test_json_export_success" time="0.311" /><testcase classname="tests.test_p1p2_features.TestAdminGames" name="test_admin_games_list_requires_auth" time="0.036" /><testcase classname="tests.test_p1p2_features.TestAdminGames" name="test_admin_games_list_success" time="0.307" /><testcase classname="tests.test_p1p2_features.TestGameAnalytics" name="test_game_analytics_success" time="0.346" /></testsuite></testsuites>