<?xml version="1.0" encoding="utf-8"?><testsuites name="pytest tests"><testsuite name="pytest" errors="0" failures="2" skipped="0" tests="18" time="17.735" timestamp="2026-03-15T08:27:23.130357+00:00" hostname="agent-env-7f85ab9f-458d-4c87-8cda-73c01b9ef1c9"><testcase classname="backend.tests.test_performance_cache.TestPerformance" name="test_games_api_first_call_fast" time="3.583"><failure message="AssertionError: /api/games took 3.582s (expected &lt; 2.0s)&#10;assert 3.582066535949707 &lt; 2.0">backend/tests/test_performance_cache.py:65: in test_games_api_first_call_fast
    assert elapsed &lt; 2.0, f"/api/games took {elapsed:.3f}s (expected &lt; 2.0s)"
E   AssertionError: /api/games took 3.582s (expected &lt; 2.0s)
E   assert 3.582066535949707 &lt; 2.0</failure></testcase><testcase classname="backend.tests.test_performance_cache.TestPerformance" name="test_games_api_second_call_cached" time="0.205" /><testcase classname="backend.tests.test_performance_cache.TestPerformance" name="test_categories_api_fast" time="0.795" /><testcase classname="backend.tests.test_performance_cache.TestPerformance" name="test_video_previews_batch_cached" time="2.312" /><testcase classname="backend.tests.test_performance_cache.TestPerformance" name="test_games_api_returns_games" time="0.049" /><testcase classname="backend.tests.test_performance_cache.TestCoreAPIs" name="test_games_endpoint_structure" time="0.059" /><testcase classname="backend.tests.test_performance_cache.TestCoreAPIs" name="test_categories_structure" time="0.046" /><testcase classname="backend.tests.test_performance_cache.TestCoreAPIs" name="test_games_category_filter" time="0.704" /><testcase classname="backend.tests.test_performance_cache.TestCoreAPIs" name="test_health_check" time="0.644" /><testcase classname="backend.tests.test_performance_cache.TestAdminAuth" name="test_admin_login_success" time="1.870" /><testcase classname="backend.tests.test_performance_cache.TestAdminAuth" name="test_admin_wrong_password_fails" time="0.723" /><testcase classname="backend.tests.test_performance_cache.TestAdminAuth" name="test_admin_get_games" time="2.184" /><testcase classname="backend.tests.test_performance_cache.TestAdminAuth" name="test_admin_is_admin_flag" time="0.556" /><testcase classname="backend.tests.test_performance_cache.TestCacheInvalidation" name="test_cache_busted_after_game_toggle" time="1.605" /><testcase classname="backend.tests.test_performance_cache.TestCacheInvalidation" name="test_games_cache_header_present" time="0.093"><failure message="AssertionError: max-age missing from Cache-Control: no-store, no-cache, must-revalidate&#10;assert 'max-age' in 'no-store, no-cache, must-revalidate'">backend/tests/test_performance_cache.py:289: in test_games_cache_header_present
    assert "max-age" in cache_header, f"max-age missing from Cache-Control: {cache_header}"
E   AssertionError: max-age missing from Cache-Control: no-store, no-cache, must-revalidate
E   assert 'max-age' in 'no-store, no-cache, must-revalidate'</failure></testcase><testcase classname="backend.tests.test_performance_cache.TestCacheInvalidation" name="test_categories_cache_header_present" time="0.056" /><testcase classname="backend.tests.test_performance_cache.TestAdminFeedToggle" name="test_admin_games_list_not_empty" time="1.104" /><testcase classname="backend.tests.test_performance_cache.TestAdminFeedToggle" name="test_game_visibility_toggle" time="1.047" /></testsuite></testsuites>