<?xml version="1.0" encoding="utf-8"?><testsuites name="pytest tests"><testsuite name="pytest" errors="0" failures="0" skipped="0" tests="13" time="20.752" timestamp="2026-04-11T14:02:55.247248+00:00" hostname="agent-env-34423cb4-ddbe-477e-8961-2503cf82ac32"><testcase classname="backend.tests.test_gmz_walkthrough_ads.TestAdminLogin" name="test_admin_login_success" time="6.019" /><testcase classname="backend.tests.test_gmz_walkthrough_ads.TestAdminLogin" name="test_admin_login_invalid_credentials" time="0.811" /><testcase classname="backend.tests.test_gmz_walkthrough_ads.TestSettingsEndpoints" name="test_get_settings_returns_200" time="0.717" /><testcase classname="backend.tests.test_gmz_walkthrough_ads.TestSettingsEndpoints" name="test_get_settings_returns_dict" time="0.585" /><testcase classname="backend.tests.test_gmz_walkthrough_ads.TestSettingsEndpoints" name="test_get_settings_has_gmz_video_ads_key" time="2.694" /><testcase classname="backend.tests.test_gmz_walkthrough_ads.TestSettingsEndpoints" name="test_post_admin_settings_requires_auth" time="0.099" /><testcase classname="backend.tests.test_gmz_walkthrough_ads.TestSettingsEndpoints" name="test_post_admin_settings_enable_ads" time="1.708" /><testcase classname="backend.tests.test_gmz_walkthrough_ads.TestSettingsEndpoints" name="test_post_admin_settings_disable_ads" time="1.322" /><testcase classname="backend.tests.test_gmz_walkthrough_ads.TestSettingsEndpoints" name="test_gmz_video_ads_persisted_as_false" time="1.592" /><testcase classname="backend.tests.test_gmz_walkthrough_ads.TestSettingsEndpoints" name="test_gmz_video_ads_persisted_as_true" time="1.445" /><testcase classname="backend.tests.test_gmz_walkthrough_ads.TestGMZGameDetails" name="test_get_games_list" time="0.143" /><testcase classname="backend.tests.test_gmz_walkthrough_ads.TestGMZGameDetails" name="test_gmz_game_has_source_and_embed_url" time="2.840" /><testcase classname="backend.tests.test_gmz_walkthrough_ads.TestGMZGameDetails" name="test_gmz_embed_url_has_hash" time="0.713" /></testsuite></testsuites>