<?xml version="1.0" encoding="utf-8"?><testsuites name="pytest tests"><testsuite name="pytest" errors="0" failures="0" skipped="0" tests="14" time="15.232" timestamp="2026-04-12T10:34:12.911839+00:00" hostname="agent-env-34423cb4-ddbe-477e-8961-2503cf82ac32"><testcase classname="backend.tests.test_cleanup_validation.TestRemovedEndpoints" name="test_analytics_event_endpoint_removed" time="4.195" /><testcase classname="backend.tests.test_cleanup_validation.TestRemovedEndpoints" name="test_gamedistribution_browse_removed" time="0.045" /><testcase classname="backend.tests.test_cleanup_validation.TestRemovedEndpoints" name="test_gamedistribution_game_removed" time="0.047" /><testcase classname="backend.tests.test_cleanup_validation.TestRemovedEndpoints" name="test_gamedistribution_import_removed" time="0.048" /><testcase classname="backend.tests.test_cleanup_validation.TestRemovedEndpoints" name="test_gamedistribution_bulk_import_removed" time="0.048" /><testcase classname="backend.tests.test_cleanup_validation.TestKeptEndpoints" name="test_analytics_track_still_works" time="0.669" /><testcase classname="backend.tests.test_cleanup_validation.TestKeptEndpoints" name="test_games_feed_returns_games" time="1.108" /><testcase classname="backend.tests.test_cleanup_validation.TestKeptEndpoints" name="test_gamemonetize_browse_still_works" time="3.521" /><testcase classname="backend.tests.test_cleanup_validation.TestKeptEndpoints" name="test_admin_login_works" time="1.810" /><testcase classname="backend.tests.test_cleanup_validation.TestKeptEndpoints" name="test_get_settings_returns_200" time="0.650" /><testcase classname="backend.tests.test_cleanup_validation.TestAdminDeleteBySource" name="test_delete_by_source_rejects_gamedistribution" time="1.376" /><testcase classname="backend.tests.test_cleanup_validation.TestAdminDeleteBySource" name="test_delete_by_source_rejects_gamepix" time="0.647" /><testcase classname="backend.tests.test_cleanup_validation.TestAdminDeleteBySource" name="test_delete_by_source_accepts_gamemonetize_via_source_code" time="0.502" /><testcase classname="backend.tests.test_cleanup_validation.TestAdminDeleteBySource" name="test_delete_by_source_accepts_custom_via_error_msg" time="0.503" /></testsuite></testsuites>