<?xml version="1.0" encoding="utf-8"?><testsuites name="pytest tests"><testsuite name="pytest" errors="0" failures="2" skipped="0" tests="20" time="14.456" timestamp="2026-01-19T12:19:17.896398+00:00" hostname="agent-env-58298786-5f34-444f-a636-0d9c6804d034"><testcase classname="tests.test_gamepix_integration.TestGamePixBrowseAPI" name="test_browse_returns_games" time="0.212" /><testcase classname="tests.test_gamepix_integration.TestGamePixBrowseAPI" name="test_browse_with_pagination" time="0.121" /><testcase classname="tests.test_gamepix_integration.TestGamePixBrowseAPI" name="test_browse_with_category_filter" time="0.271" /><testcase classname="tests.test_gamepix_integration.TestGamePixBrowseAPI" name="test_browse_pagination_values" time="0.202" /><testcase classname="tests.test_gamepix_integration.TestGamePixCategoriesAPI" name="test_categories_returns_list" time="0.006" /><testcase classname="tests.test_gamepix_integration.TestGamePixCategoriesAPI" name="test_categories_includes_all_option" time="0.047" /><testcase classname="tests.test_gamepix_integration.TestGamePixCategoriesAPI" name="test_categories_includes_common_types" time="0.048" /><testcase classname="tests.test_gamepix_integration.TestGamePixSingleImport" name="test_import_requires_authentication" time="0.006" /><testcase classname="tests.test_gamepix_integration.TestGamePixSingleImport" name="test_import_requires_admin" time="1.996" /><testcase classname="tests.test_gamepix_integration.TestGamePixSingleImport" name="test_import_game_success" time="2.025" /><testcase classname="tests.test_gamepix_integration.TestGamePixSingleImport" name="test_import_duplicate_game_fails" time="1.672" /><testcase classname="tests.test_gamepix_integration.TestGamePixBulkImport" name="test_bulk_import_requires_authentication" time="0.686"><failure message="assert 200 == 403&#10; +  where 200 = &lt;Response [200]&gt;.status_code">tests/test_gamepix_integration.py:269: in test_bulk_import_requires_authentication
    assert response.status_code == 403
E   assert 200 == 403
E    +  where 200 = &lt;Response [200]&gt;.status_code</failure></testcase><testcase classname="tests.test_gamepix_integration.TestGamePixBulkImport" name="test_bulk_import_success" time="0.979" /><testcase classname="tests.test_gamepix_integration.TestGamePixBulkImport" name="test_bulk_import_skips_duplicates" time="2.072" /><testcase classname="tests.test_gamepix_integration.TestGamePixInPublicFeed" name="test_gamepix_games_in_public_feed" time="0.407" /><testcase classname="tests.test_gamepix_integration.TestGamePixInPublicFeed" name="test_gamepix_game_has_embed_url" time="0.413" /><testcase classname="tests.test_gamepix_integration.TestGamePixPlayEndpoint" name="test_play_gamepix_game_returns_html" time="0.950" /><testcase classname="tests.test_gamepix_integration.TestGamePixPlayEndpoint" name="test_play_gamepix_game_increments_play_count" time="1.403" /><testcase classname="tests.test_gamepix_integration.TestGamePixDataIntegrity" name="test_gamepix_game_id_format" time="0.412" /><testcase classname="tests.test_gamepix_integration.TestGamePixDataIntegrity" name="test_gamepix_embed_url_contains_sid" time="0.410"><failure message="AssertionError: Game New Test Game c51167f1 missing SID in embed URL&#10;assert ('sid=' in 'https://play.gamepix.com/new-test-c51167f1/embed' or '1M9DD' in 'https://play.gamepix.com/new-test-c51167f1/embed')">tests/test_gamepix_integration.py:458: in test_gamepix_embed_url_contains_sid
    assert "sid=" in embed_url or "1M9DD" in embed_url, f"Game {game['title']} missing SID in embed URL"
E   AssertionError: Game New Test Game c51167f1 missing SID in embed URL
E   assert ('sid=' in 'https://play.gamepix.com/new-test-c51167f1/embed' or '1M9DD' in 'https://play.gamepix.com/new-test-c51167f1/embed')</failure></testcase></testsuite></testsuites>