<?xml version="1.0" encoding="utf-8"?><testsuites name="pytest tests"><testsuite name="pytest" errors="0" failures="0" skipped="0" tests="11" time="13.303" timestamp="2026-04-12T11:07:10.234249+00:00" hostname="agent-env-34423cb4-ddbe-477e-8961-2503cf82ac32"><testcase classname="backend.tests.test_recently_played.TestRecentlyPlayedAuth" name="test_no_token_returns_401_or_403" time="4.841" /><testcase classname="backend.tests.test_recently_played.TestRecentlyPlayedAuth" name="test_invalid_token_returns_401" time="0.104" /><testcase classname="backend.tests.test_recently_played.TestRecentlyPlayedAdminData" name="test_recently_played_returns_200" time="2.904" /><testcase classname="backend.tests.test_recently_played.TestRecentlyPlayedAdminData" name="test_recently_played_returns_list" time="1.008" /><testcase classname="backend.tests.test_recently_played.TestRecentlyPlayedAdminData" name="test_recently_played_has_at_least_one_game" time="0.707" /><testcase classname="backend.tests.test_recently_played.TestRecentlyPlayedAdminData" name="test_recently_played_game_has_required_fields" time="0.706" /><testcase classname="backend.tests.test_recently_played.TestRecentlyPlayedAdminData" name="test_recently_played_respects_limit_param" time="0.711" /><testcase classname="backend.tests.test_recently_played.TestRecentlyPlayedAdminData" name="test_recently_played_default_limit_is_5" time="0.718" /><testcase classname="backend.tests.test_recently_played.TestRecentlyPlayedAdminData" name="test_recently_played_titles_logged" time="0.705" /><testcase classname="backend.tests.test_recently_played.TestRecentlyPlayedAdminData" name="test_recently_played_games_are_unique" time="0.728" /><testcase classname="backend.tests.test_recently_played.TestRecentlyPlayedRouteOrder" name="test_recently_played_not_treated_as_game_id" time="0.110" /></testsuite></testsuites>