<?xml version="1.0" encoding="utf-8"?><testsuites name="pytest tests"><testsuite name="pytest" errors="0" failures="0" skipped="0" tests="19" time="10.960" timestamp="2026-04-06T05:41:10.918966+00:00" hostname="agent-env-34423cb4-ddbe-477e-8961-2503cf82ac32"><testcase classname="backend.tests.test_perf_optimization.TestCommentCountsCacheHeader" name="test_comment_counts_status_200" time="6.262" /><testcase classname="backend.tests.test_perf_optimization.TestCommentCountsCacheHeader" name="test_comment_counts_cache_control_header_present" time="0.044" /><testcase classname="backend.tests.test_perf_optimization.TestCommentCountsCacheHeader" name="test_comment_counts_cache_control_public_internal" time="0.002" /><testcase classname="backend.tests.test_perf_optimization.TestCommentCountsCacheHeader" name="test_comment_counts_cache_control_max_age_300_internal" time="0.002" /><testcase classname="backend.tests.test_perf_optimization.TestCommentCountsCacheHeader" name="test_comment_counts_cache_control_proxy_override_documented" time="0.060" /><testcase classname="backend.tests.test_perf_optimization.TestCommentCountsCacheHeader" name="test_comment_counts_response_is_dict" time="0.051" /><testcase classname="backend.tests.test_perf_optimization.TestCommentCountsCacheHeader" name="test_comment_counts_second_call_uses_cache" time="0.188" /><testcase classname="backend.tests.test_perf_optimization.TestGamesFeedEndpoint" name="test_games_feed_status_200" time="1.096" /><testcase classname="backend.tests.test_perf_optimization.TestGamesFeedEndpoint" name="test_games_feed_returns_list" time="0.049" /><testcase classname="backend.tests.test_perf_optimization.TestGamesFeedEndpoint" name="test_games_feed_not_empty" time="0.047" /><testcase classname="backend.tests.test_perf_optimization.TestGamesFeedEndpoint" name="test_games_feed_game_structure" time="0.051" /><testcase classname="backend.tests.test_perf_optimization.TestGamesFeedEndpoint" name="test_games_feed_with_seed_param" time="0.103" /><testcase classname="backend.tests.test_perf_optimization.TestGamesFeedEndpoint" name="test_games_feed_different_seeds_differ" time="0.096" /><testcase classname="backend.tests.test_perf_optimization.TestGamesEndpoint" name="test_games_status_200" time="0.047" /><testcase classname="backend.tests.test_perf_optimization.TestGamesEndpoint" name="test_games_returns_list" time="0.049" /><testcase classname="backend.tests.test_perf_optimization.TestGamesEndpoint" name="test_games_structure" time="0.045" /><testcase classname="backend.tests.test_perf_optimization.TestGamesEndpoint" name="test_games_cache_control_header" time="0.004" /><testcase classname="backend.tests.test_perf_optimization.TestGamesEndpoint" name="test_games_feed_only_filter" time="0.832" /><testcase classname="backend.tests.test_perf_optimization.TestAuthenticatedFeed" name="test_feed_with_auth_token" time="1.867" /></testsuite></testsuites>