<?xml version="1.0" encoding="utf-8"?><testsuites name="pytest tests"><testsuite name="pytest" errors="0" failures="0" skipped="0" tests="17" time="16.811" timestamp="2026-01-18T13:09:51.420563+00:00" hostname="agent-env-54479ddc-56f9-406e-97e8-dc8ce7a1e7c1"><testcase classname="tests.test_gamedistribution.TestGameDistributionBrowse" name="test_browse_returns_games" time="0.624" /><testcase classname="tests.test_gamedistribution.TestGameDistributionBrowse" name="test_browse_game_structure" time="0.482" /><testcase classname="tests.test_gamedistribution.TestGameDistributionBrowse" name="test_browse_with_category_filter" time="0.482" /><testcase classname="tests.test_gamedistribution.TestGameDistributionBrowse" name="test_browse_pagination" time="0.483" /><testcase classname="tests.test_gamedistribution.TestGameDistributionCategories" name="test_categories_returns_list" time="0.079" /><testcase classname="tests.test_gamedistribution.TestGameDistributionCategories" name="test_category_structure" time="0.034" /><testcase classname="tests.test_gamedistribution.TestAdminGDImport" name="test_admin_login" time="0.786" /><testcase classname="tests.test_gamedistribution.TestAdminGDImport" name="test_import_single_game" time="2.824" /><testcase classname="tests.test_gamedistribution.TestAdminGDImport" name="test_import_duplicate_game_fails" time="2.172" /><testcase classname="tests.test_gamedistribution.TestAdminGDImport" name="test_bulk_import_games" time="4.122" /><testcase classname="tests.test_gamedistribution.TestAdminGDImport" name="test_import_requires_auth" time="0.031" /><testcase classname="tests.test_gamedistribution.TestGDGamesInFeed" name="test_gd_games_in_feed" time="0.556" /><testcase classname="tests.test_gamedistribution.TestGDGamesInFeed" name="test_gd_game_has_required_fields" time="0.429" /><testcase classname="tests.test_gamedistribution.TestGDGamePlayer" name="test_gd_game_play_endpoint" time="1.235" /><testcase classname="tests.test_gamedistribution.TestGDGamePlayer" name="test_gd_game_increments_play_count" time="1.527" /><testcase classname="tests.test_gamedistribution.TestExistingGDGames" name="test_existing_gd_games_count" time="0.427" /><testcase classname="tests.test_gamedistribution.TestExistingGDGames" name="test_gd_games_are_visible" time="0.437" /></testsuite></testsuites>