<?xml version="1.0" encoding="utf-8"?><testsuites name="pytest tests"><testsuite name="pytest" errors="0" failures="0" skipped="0" tests="12" time="15.064" timestamp="2026-03-14T08:13:50.581130+00:00" hostname="agent-env-98a55a46-9cab-4892-9ab2-089355e71790"><testcase classname="backend.tests.test_feed_toggle.TestFeedToggleAPI" name="test_get_games_returns_feed_only_by_default" time="3.548" /><testcase classname="backend.tests.test_feed_toggle.TestFeedToggleAPI" name="test_cat_evolution_initially_in_feed" time="0.542" /><testcase classname="backend.tests.test_feed_toggle.TestFeedToggleAPI" name="test_remove_cat_evolution_from_feed" time="2.107" /><testcase classname="backend.tests.test_feed_toggle.TestFeedToggleAPI" name="test_get_games_returns_empty_after_remove_from_feed" time="1.365" /><testcase classname="backend.tests.test_feed_toggle.TestFeedToggleAPI" name="test_add_cat_evolution_back_to_feed" time="0.804" /><testcase classname="backend.tests.test_feed_toggle.TestFeedToggleAPI" name="test_get_games_returns_game_after_restore" time="1.356" /><testcase classname="backend.tests.test_feed_toggle.TestFeedToggleAPI" name="test_feed_toggle_requires_admin_auth" time="0.119" /><testcase classname="backend.tests.test_feed_toggle.TestFeedToggleAPI" name="test_feed_toggle_invalid_game_returns_404" time="0.663" /><testcase classname="backend.tests.test_feed_toggle.TestVisibilityToggle" name="test_hide_game_visibility" time="0.939" /><testcase classname="backend.tests.test_feed_toggle.TestVisibilityToggle" name="test_hidden_game_not_in_feed" time="1.411" /><testcase classname="backend.tests.test_feed_toggle.TestVisibilityToggle" name="test_restore_game_visibility" time="0.814" /><testcase classname="backend.tests.test_feed_toggle.TestVisibilityToggle" name="test_game_back_in_feed_after_visibility_restore" time="1.330" /></testsuite></testsuites>