<?xml version="1.0" encoding="utf-8"?><testsuites name="pytest tests"><testsuite name="pytest" errors="0" failures="0" skipped="0" tests="9" time="13.634" timestamp="2026-01-31T09:43:59.250623+00:00" hostname="agent-env-ec485dc7-dc62-4386-bff8-c82ab914e0f8"><testcase classname="backend.tests.test_network_settings.TestNetworkSettingsAPI" name="test_get_settings_returns_network_flags" time="2.771" /><testcase classname="backend.tests.test_network_settings.TestNetworkSettingsAPI" name="test_save_network_settings_requires_auth" time="0.016" /><testcase classname="backend.tests.test_network_settings.TestNetworkSettingsAPI" name="test_save_gamepix_enabled_true" time="2.252" /><testcase classname="backend.tests.test_network_settings.TestNetworkSettingsAPI" name="test_save_gamepix_enabled_false" time="1.063" /><testcase classname="backend.tests.test_network_settings.TestNetworkSettingsAPI" name="test_save_gamemonetize_enabled_true" time="1.065" /><testcase classname="backend.tests.test_network_settings.TestNetworkSettingsAPI" name="test_save_gamemonetize_enabled_false" time="1.066" /><testcase classname="backend.tests.test_network_settings.TestNetworkSettingsAPI" name="test_save_both_networks_at_once" time="1.322" /><testcase classname="backend.tests.test_network_settings.TestNetworkSettingsAPI" name="test_settings_persist_after_multiple_saves" time="2.649" /><testcase classname="backend.tests.test_network_settings.TestNetworkSettingsCleanup" name="test_restore_default_settings" time="1.365" /></testsuite></testsuites>