<?xml version="1.0" encoding="utf-8"?><testsuites name="pytest tests"><testsuite name="pytest" errors="0" failures="0" skipped="0" tests="12" time="23.410" timestamp="2026-04-01T11:52:03.740530+00:00" hostname="agent-env-108ed7f8-3432-4094-8918-bdcb61c49188"><testcase classname="backend.tests.test_comment_likes.TestGetCommentsFields" name="test_get_comments_returns_like_fields_unauthenticated" time="6.126" /><testcase classname="backend.tests.test_comment_likes.TestGetCommentsFields" name="test_get_comments_returns_like_fields_authenticated" time="1.301" /><testcase classname="backend.tests.test_comment_likes.TestLikeCommentAPI" name="test_like_requires_auth" time="2.004" /><testcase classname="backend.tests.test_comment_likes.TestLikeCommentAPI" name="test_like_comment_returns_liked_true" time="1.608" /><testcase classname="backend.tests.test_comment_likes.TestLikeCommentAPI" name="test_like_is_idempotent" time="1.164" /><testcase classname="backend.tests.test_comment_likes.TestLikeCommentAPI" name="test_like_reflected_in_get_comments" time="1.470" /><testcase classname="backend.tests.test_comment_likes.TestLikeCommentAPI" name="test_like_count_increments" time="1.303" /><testcase classname="backend.tests.test_comment_likes.TestLikeCommentAPI" name="test_like_404_for_nonexistent_comment" time="0.720" /><testcase classname="backend.tests.test_comment_likes.TestUnlikeCommentAPI" name="test_unlike_comment_returns_liked_false" time="0.856" /><testcase classname="backend.tests.test_comment_likes.TestUnlikeCommentAPI" name="test_unlike_reflected_in_get_comments" time="1.031" /><testcase classname="backend.tests.test_comment_likes.TestUnlikeCommentAPI" name="test_unlike_is_idempotent" time="0.700" /><testcase classname="backend.tests.test_comment_likes.TestNewCommentLikeCount" name="test_new_comment_starts_with_zero_likes" time="5.061" /></testsuite></testsuites>