<?xml version="1.0" encoding="utf-8"?><testsuites name="pytest tests"><testsuite name="pytest" errors="0" failures="0" skipped="0" tests="17" time="12.586" timestamp="2026-01-18T15:58:23.542292+00:00" hostname="agent-env-54479ddc-56f9-406e-97e8-dc8ce7a1e7c1"><testcase classname="tests.test_hypd_api.TestHealthCheck" name="test_health_endpoint" time="0.613" /><testcase classname="tests.test_hypd_api.TestAuthentication" name="test_login_success" time="0.650" /><testcase classname="tests.test_hypd_api.TestAuthentication" name="test_login_invalid_credentials" time="0.448" /><testcase classname="tests.test_hypd_api.TestAuthentication" name="test_get_me_requires_auth" time="0.037" /><testcase classname="tests.test_hypd_api.TestGamesAPI" name="test_get_games" time="0.551" /><testcase classname="tests.test_hypd_api.TestGamesAPI" name="test_get_games_with_category_filter" time="0.562" /><testcase classname="tests.test_hypd_api.TestGamesAPI" name="test_get_categories" time="0.446" /><testcase classname="tests.test_hypd_api.TestGamesAPI" name="test_get_single_game" time="0.857" /><testcase classname="tests.test_hypd_api.TestGamesAPI" name="test_get_game_meta" time="0.868" /><testcase classname="tests.test_hypd_api.TestGamesAPI" name="test_get_game_play" time="1.026" /><testcase classname="tests.test_hypd_api.TestAnalyticsOverview" name="test_analytics_overview_requires_auth" time="0.038" /><testcase classname="tests.test_hypd_api.TestAnalyticsOverview" name="test_analytics_overview_success" time="1.633" /><testcase classname="tests.test_hypd_api.TestAdminGames" name="test_admin_games_list_requires_auth" time="0.075" /><testcase classname="tests.test_hypd_api.TestAdminGames" name="test_admin_games_list_success" time="1.226" /><testcase classname="tests.test_hypd_api.TestAdminGames" name="test_admin_toggle_visibility" time="2.066" /><testcase classname="tests.test_hypd_api.TestSettings" name="test_get_settings" time="0.427" /><testcase classname="tests.test_hypd_api.TestPlaySession" name="test_record_play_session" time="0.998" /></testsuite></testsuites>