<?xml version="1.0" encoding="utf-8"?><testsuites name="pytest tests"><testsuite name="pytest" errors="0" failures="0" skipped="0" tests="17" time="16.544" timestamp="2026-01-18T15:54:15.256725+00:00" hostname="agent-env-54479ddc-56f9-406e-97e8-dc8ce7a1e7c1"><testcase classname="tests.test_gamedistribution.TestGameDistributionBrowse" name="test_browse_returns_games" time="0.601" /><testcase classname="tests.test_gamedistribution.TestGameDistributionBrowse" name="test_browse_game_structure" time="0.484" /><testcase classname="tests.test_gamedistribution.TestGameDistributionBrowse" name="test_browse_with_category_filter" time="0.485" /><testcase classname="tests.test_gamedistribution.TestGameDistributionBrowse" name="test_browse_pagination" time="0.483" /><testcase classname="tests.test_gamedistribution.TestGameDistributionCategories" name="test_categories_returns_list" time="0.039" /><testcase classname="tests.test_gamedistribution.TestGameDistributionCategories" name="test_category_structure" time="0.031" /><testcase classname="tests.test_gamedistribution.TestAdminGDImport" name="test_admin_login" time="0.819" /><testcase classname="tests.test_gamedistribution.TestAdminGDImport" name="test_import_single_game" time="3.314" /><testcase classname="tests.test_gamedistribution.TestAdminGDImport" name="test_import_duplicate_game_fails" time="1.971" /><testcase classname="tests.test_gamedistribution.TestAdminGDImport" name="test_bulk_import_games" time="3.696" /><testcase classname="tests.test_gamedistribution.TestAdminGDImport" name="test_import_requires_auth" time="0.034" /><testcase classname="tests.test_gamedistribution.TestGDGamesInFeed" name="test_gd_games_in_feed" time="0.445" /><testcase classname="tests.test_gamedistribution.TestGDGamesInFeed" name="test_gd_game_has_required_fields" time="0.442" /><testcase classname="tests.test_gamedistribution.TestGDGamePlayer" name="test_gd_game_play_endpoint" time="1.193" /><testcase classname="tests.test_gamedistribution.TestGDGamePlayer" name="test_gd_game_increments_play_count" time="1.464" /><testcase classname="tests.test_gamedistribution.TestExistingGDGames" name="test_existing_gd_games_count" time="0.543" /><testcase classname="tests.test_gamedistribution.TestExistingGDGames" name="test_gd_games_are_visible" time="0.443" /></testsuite></testsuites>