<?xml version="1.0" encoding="utf-8"?><testsuites name="pytest tests"><testsuite name="pytest" errors="0" failures="0" skipped="0" tests="9" time="13.608" timestamp="2026-03-09T11:42:58.688848+00:00" hostname="agent-env-f59a10b3-e4d5-4224-a3e2-09bcedd1d4a9"><testcase classname="backend.tests.test_base_defence.TestHealthCheck" name="test_api_health" time="3.360" /><testcase classname="backend.tests.test_base_defence.TestAuthentication" name="test_login_success" time="0.994" /><testcase classname="backend.tests.test_base_defence.TestIdleGameStateAPI" name="test_get_state_without_auth_fails" time="0.135" /><testcase classname="backend.tests.test_base_defence.TestIdleGameStateAPI" name="test_save_state_without_auth_fails" time="0.110" /><testcase classname="backend.tests.test_base_defence.TestIdleGameStateAPI" name="test_get_state_with_auth" time="1.949" /><testcase classname="backend.tests.test_base_defence.TestIdleGameStateAPI" name="test_save_and_load_state" time="2.813" /><testcase classname="backend.tests.test_base_defence.TestIdleGameStateAPI" name="test_save_state_validation" time="1.486" /><testcase classname="backend.tests.test_base_defence.TestIdleGameStateAPI" name="test_save_complex_state" time="2.585" /><testcase classname="backend.tests.test_base_defence.TestPageEndpoint" name="test_idle_game_page_loads" time="0.105" /></testsuite></testsuites>