<?xml version="1.0" encoding="utf-8"?><testsuites name="pytest tests"><testsuite name="pytest" errors="0" failures="0" skipped="0" tests="8" time="12.231" timestamp="2026-02-09T14:06:17.216497+00:00" hostname="agent-env-32ebdc83-9562-46fd-8adf-c16ef376aa67"><testcase classname="backend.tests.test_idle_game_v3.TestIdleGameAuth" name="test_get_state_requires_auth" time="0.079" /><testcase classname="backend.tests.test_idle_game_v3.TestIdleGameAuth" name="test_save_state_requires_auth" time="0.036" /><testcase classname="backend.tests.test_idle_game_v3.TestIdleGameAPI" name="test_get_state_with_auth" time="4.276" /><testcase classname="backend.tests.test_idle_game_v3.TestIdleGameAPI" name="test_save_v3_game_state" time="1.668" /><testcase classname="backend.tests.test_idle_game_v3.TestIdleGameAPI" name="test_verify_saved_state_persistence" time="2.134" /><testcase classname="backend.tests.test_idle_game_v3.TestIdleGameAPI" name="test_invalid_save_request" time="1.194" /><testcase classname="backend.tests.test_idle_game_v3.TestIdleGameAPI" name="test_prestige_data_persistence" time="2.156" /><testcase classname="backend.tests.test_idle_game_v3.TestHealthCheck" name="test_health_endpoint" time="0.630" /></testsuite></testsuites>