<?xml version="1.0" encoding="utf-8"?><testsuites name="pytest tests"><testsuite name="pytest" errors="0" failures="0" skipped="0" tests="15" time="21.869" timestamp="2026-01-19T08:26:47.622382+00:00" hostname="agent-env-56a88913-0da9-4453-96f8-aa2d57a2652f"><testcase classname="tests.test_social_features.TestLeaderboardAPI" name="test_global_leaderboard" time="0.453" /><testcase classname="tests.test_social_features.TestLeaderboardAPI" name="test_game_leaderboard" time="1.011" /><testcase classname="tests.test_social_features.TestFriendsAPI" name="test_search_users" time="2.483" /><testcase classname="tests.test_social_features.TestFriendsAPI" name="test_search_users_requires_auth" time="0.038" /><testcase classname="tests.test_social_features.TestFriendsAPI" name="test_get_friends_list" time="0.568" /><testcase classname="tests.test_social_features.TestFriendsAPI" name="test_get_friend_requests" time="0.560" /><testcase classname="tests.test_social_features.TestFriendsAPI" name="test_send_friend_request" time="2.797" /><testcase classname="tests.test_social_features.TestFriendsAPI" name="test_cannot_friend_self" time="0.864" /><testcase classname="tests.test_social_features.TestChallengesAPI" name="test_get_challenges" time="1.988" /><testcase classname="tests.test_social_features.TestChallengesAPI" name="test_challenges_requires_auth" time="0.048" /><testcase classname="tests.test_social_features.TestAdminAnalyticsAPI" name="test_analytics_overview" time="2.333" /><testcase classname="tests.test_social_features.TestAdminAnalyticsAPI" name="test_analytics_daily" time="6.090" /><testcase classname="tests.test_social_features.TestAdminAnalyticsAPI" name="test_analytics_retention" time="0.583" /><testcase classname="tests.test_social_features.TestAdminAnalyticsAPI" name="test_analytics_requires_admin" time="0.073" /><testcase classname="tests.test_social_features.TestScoreSubmission" name="test_submit_score" time="1.929" /></testsuite></testsuites>