<?xml version="1.0" encoding="utf-8"?><testsuites name="pytest tests"><testsuite name="pytest" errors="0" failures="0" skipped="0" tests="16" time="9.606" timestamp="2026-01-26T08:38:57.023948+00:00" hostname="agent-env-57f0fd5e-bb5d-4ff3-9a9b-b10a2430cdaf"><testcase classname="backend.tests.test_wallet_feature.TestWalletPublicEndpoints" name="test_get_coin_packages" time="0.097" /><testcase classname="backend.tests.test_wallet_feature.TestWalletPublicEndpoints" name="test_get_ad_free_options" time="0.039" /><testcase classname="backend.tests.test_wallet_feature.TestWalletAuthenticatedEndpoints" name="test_get_wallet_info" time="2.695" /><testcase classname="backend.tests.test_wallet_feature.TestWalletAuthenticatedEndpoints" name="test_get_wallet_requires_auth" time="0.042" /><testcase classname="backend.tests.test_wallet_feature.TestWalletAuthenticatedEndpoints" name="test_get_transactions" time="1.325" /><testcase classname="backend.tests.test_wallet_feature.TestWalletAuthenticatedEndpoints" name="test_get_transactions_with_limit" time="1.191" /><testcase classname="backend.tests.test_wallet_feature.TestWalletAuthenticatedEndpoints" name="test_get_unlocked_games" time="0.702" /><testcase classname="backend.tests.test_wallet_feature.TestWalletPurchaseFlow" name="test_create_purchase_checkout" time="1.206" /><testcase classname="backend.tests.test_wallet_feature.TestWalletPurchaseFlow" name="test_purchase_invalid_package" time="0.404" /><testcase classname="backend.tests.test_wallet_feature.TestWalletPurchaseFlow" name="test_purchase_requires_auth" time="0.048" /><testcase classname="backend.tests.test_wallet_feature.TestWalletSpendFlow" name="test_spend_ad_free_insufficient_coins" time="0.401" /><testcase classname="backend.tests.test_wallet_feature.TestWalletSpendFlow" name="test_spend_invalid_option" time="0.441" /><testcase classname="backend.tests.test_wallet_feature.TestWalletSpendFlow" name="test_spend_invalid_type" time="0.441" /><testcase classname="backend.tests.test_wallet_feature.TestWalletSpendFlow" name="test_spend_requires_auth" time="0.080" /><testcase classname="backend.tests.test_wallet_feature.TestWalletDataInUserResponse" name="test_login_returns_wallet_fields" time="0.000" /><testcase classname="backend.tests.test_wallet_feature.TestWalletDataInUserResponse" name="test_auth_me_returns_wallet_fields" time="0.403" /></testsuite></testsuites>