<?xml version="1.0" encoding="utf-8"?><testsuites name="pytest tests"><testsuite name="pytest" errors="0" failures="0" skipped="0" tests="8" time="10.183" timestamp="2026-02-09T11:53:08.162173+00:00" hostname="agent-env-32ebdc83-9562-46fd-8adf-c16ef376aa67"><testcase classname="backend.tests.test_idle_game_v2.TestIdleGameAPIV2" name="test_get_state_requires_auth" time="0.071" /><testcase classname="backend.tests.test_idle_game_v2.TestIdleGameAPIV2" name="test_get_state_with_auth" time="4.205" /><testcase classname="backend.tests.test_idle_game_v2.TestIdleGameAPIV2" name="test_save_state_requires_auth" time="0.035" /><testcase classname="backend.tests.test_idle_game_v2.TestIdleGameAPIV2" name="test_save_state_v2_format" time="0.941" /><testcase classname="backend.tests.test_idle_game_v2.TestIdleGameAPIV2" name="test_state_persistence_v2" time="1.426" /><testcase classname="backend.tests.test_idle_game_v2.TestIdleGameAPIV2" name="test_save_invalid_payload" time="0.485" /><testcase classname="backend.tests.test_idle_game_v2.TestIdleGameAPIV2" name="test_prestige_state_persistence" time="1.409" /><testcase classname="backend.tests.test_idle_game_v2.TestHealthCheck" name="test_health_endpoint" time="1.552" /></testsuite></testsuites>