<?xml version="1.0" encoding="utf-8"?><testsuites name="pytest tests"><testsuite name="pytest" errors="0" failures="0" skipped="0" tests="18" time="28.778" timestamp="2026-01-21T12:51:35.958526+00:00" hostname="agent-env-dbc50f22-fde7-49a2-8776-33a6791b1d3d"><testcase classname="tests.test_user_management.TestUserManagementAPIs" name="test_get_users_requires_auth" time="0.076" /><testcase classname="tests.test_user_management.TestUserManagementAPIs" name="test_get_users_returns_list" time="1.436" /><testcase classname="tests.test_user_management.TestUserManagementAPIs" name="test_get_users_pagination" time="0.960" /><testcase classname="tests.test_user_management.TestUserManagementAPIs" name="test_get_users_search_filter" time="0.709" /><testcase classname="tests.test_user_management.TestUserManagementAPIs" name="test_get_users_admin_filter" time="0.709" /><testcase classname="tests.test_user_management.TestUserManagementAPIs" name="test_get_users_banned_filter" time="0.697" /><testcase classname="tests.test_user_management.TestUserManagementAPIs" name="test_user_stats_requires_auth" time="0.037" /><testcase classname="tests.test_user_management.TestUserManagementAPIs" name="test_user_stats_returns_overview" time="1.643" /><testcase classname="tests.test_user_management.TestUserManagementAPIs" name="test_ban_user" time="3.492" /><testcase classname="tests.test_user_management.TestUserManagementAPIs" name="test_unban_user" time="2.260" /><testcase classname="tests.test_user_management.TestUserManagementAPIs" name="test_cannot_ban_self" time="0.998" /><testcase classname="tests.test_user_management.TestUserManagementAPIs" name="test_make_admin" time="2.367" /><testcase classname="tests.test_user_management.TestUserManagementAPIs" name="test_remove_admin" time="2.256" /><testcase classname="tests.test_user_management.TestUserManagementAPIs" name="test_cannot_remove_own_admin" time="0.881" /><testcase classname="tests.test_user_management.TestUserManagementAPIs" name="test_cannot_make_banned_user_admin" time="2.812" /><testcase classname="tests.test_user_management.TestUserManagementAPIs" name="test_delete_user" time="2.980" /><testcase classname="tests.test_user_management.TestUserManagementAPIs" name="test_cannot_delete_self" time="0.863" /><testcase classname="tests.test_user_management.TestUserManagementAPIs" name="test_cannot_delete_admin_user" time="3.514" /></testsuite></testsuites>