<?xml version="1.0" encoding="utf-8"?><testsuites name="pytest tests"><testsuite name="pytest" errors="0" failures="0" skipped="0" tests="20" time="13.261" timestamp="2026-01-19T12:20:15.719300+00:00" hostname="agent-env-58298786-5f34-444f-a636-0d9c6804d034"><testcase classname="tests.test_gamepix_integration.TestGamePixBrowseAPI" name="test_browse_returns_games" time="0.214" /><testcase classname="tests.test_gamepix_integration.TestGamePixBrowseAPI" name="test_browse_with_pagination" time="0.121" /><testcase classname="tests.test_gamepix_integration.TestGamePixBrowseAPI" name="test_browse_with_category_filter" time="0.116" /><testcase classname="tests.test_gamepix_integration.TestGamePixBrowseAPI" name="test_browse_pagination_values" time="0.119" /><testcase classname="tests.test_gamepix_integration.TestGamePixCategoriesAPI" name="test_categories_returns_list" time="0.011" /><testcase classname="tests.test_gamepix_integration.TestGamePixCategoriesAPI" name="test_categories_includes_all_option" time="0.010" /><testcase classname="tests.test_gamepix_integration.TestGamePixCategoriesAPI" name="test_categories_includes_common_types" time="0.009" /><testcase classname="tests.test_gamepix_integration.TestGamePixSingleImport" name="test_import_requires_authentication" time="0.012" /><testcase classname="tests.test_gamepix_integration.TestGamePixSingleImport" name="test_import_requires_admin" time="2.027" /><testcase classname="tests.test_gamepix_integration.TestGamePixSingleImport" name="test_import_game_success" time="1.779" /><testcase classname="tests.test_gamepix_integration.TestGamePixSingleImport" name="test_import_duplicate_game_fails" time="1.646" /><testcase classname="tests.test_gamepix_integration.TestGamePixBulkImport" name="test_bulk_import_requires_authentication" time="0.051" /><testcase classname="tests.test_gamepix_integration.TestGamePixBulkImport" name="test_bulk_import_success" time="0.960" /><testcase classname="tests.test_gamepix_integration.TestGamePixBulkImport" name="test_bulk_import_skips_duplicates" time="1.929" /><testcase classname="tests.test_gamepix_integration.TestGamePixInPublicFeed" name="test_gamepix_games_in_public_feed" time="0.422" /><testcase classname="tests.test_gamepix_integration.TestGamePixInPublicFeed" name="test_gamepix_game_has_embed_url" time="0.416" /><testcase classname="tests.test_gamepix_integration.TestGamePixPlayEndpoint" name="test_play_gamepix_game_returns_html" time="1.118" /><testcase classname="tests.test_gamepix_integration.TestGamePixPlayEndpoint" name="test_play_gamepix_game_increments_play_count" time="1.388" /><testcase classname="tests.test_gamepix_integration.TestGamePixDataIntegrity" name="test_gamepix_game_id_format" time="0.416" /><testcase classname="tests.test_gamepix_integration.TestGamePixDataIntegrity" name="test_gamepix_embed_url_contains_sid" time="0.413" /></testsuite></testsuites>