<?xml version="1.0" encoding="utf-8"?><testsuites name="pytest tests"><testsuite name="pytest" errors="0" failures="0" skipped="6" tests="16" time="8.444" timestamp="2026-03-14T06:41:03.698448+00:00" hostname="agent-env-8b01d666-8e03-4edf-bba4-d4e6b4b85cec"><testcase classname="backend.tests.test_gamemonetize.TestGameMonetizeBrowse" name="test_browse_returns_games" time="0.455" /><testcase classname="backend.tests.test_gamemonetize.TestGameMonetizeBrowse" name="test_browse_pagination" time="0.380" /><testcase classname="backend.tests.test_gamemonetize.TestGameMonetizeBrowse" name="test_browse_category_filter" time="0.274" /><testcase classname="backend.tests.test_gamemonetize.TestGameMonetizeBrowse" name="test_browse_search" time="0.277" /><testcase classname="backend.tests.test_gamemonetize.TestGameMonetizeBrowse" name="test_browse_sort_title_asc" time="0.174"><skipped type="pytest.skip" message="GameMonetize API rate limited (429)">/app/backend/tests/test_gamemonetize.py:130: GameMonetize API rate limited (429)</skipped></testcase><testcase classname="backend.tests.test_gamemonetize.TestGameMonetizeBrowse" name="test_browse_sort_title_desc" time="0.161"><skipped type="pytest.skip" message="GameMonetize API rate limited (429)">/app/backend/tests/test_gamemonetize.py:148: GameMonetize API rate limited (429)</skipped></testcase><testcase classname="backend.tests.test_gamemonetize.TestGameMonetizeCategories" name="test_categories_returns_list" time="0.110" /><testcase classname="backend.tests.test_gamemonetize.TestGameMonetizeImport" name="test_import_requires_auth" time="0.103" /><testcase classname="backend.tests.test_gamemonetize.TestGameMonetizeImport" name="test_single_import" time="3.168"><skipped type="pytest.skip" message="No games available to import">/app/backend/tests/test_gamemonetize.py:225: No games available to import</skipped></testcase><testcase classname="backend.tests.test_gamemonetize.TestGameMonetizeImport" name="test_duplicate_import_detection" time="0.914"><skipped type="pytest.skip" message="No games available">/app/backend/tests/test_gamemonetize.py:271: No games available</skipped></testcase><testcase classname="backend.tests.test_gamemonetize.TestGameMonetizeImport" name="test_bulk_import_requires_auth" time="0.129" /><testcase classname="backend.tests.test_gamemonetize.TestGameMonetizeImport" name="test_bulk_import" time="0.897"><skipped type="pytest.skip" message="Not enough games available for bulk import test">/app/backend/tests/test_gamemonetize.py:325: Not enough games available for bulk import test</skipped></testcase><testcase classname="backend.tests.test_gamemonetize.TestGameMonetizeGamesEndpoint" name="test_games_includes_gamemonetize_source" time="0.621" /><testcase classname="backend.tests.test_gamemonetize.TestGameMonetizePlayEndpoint" name="test_gamemonetize_game_play" time="0.494"><skipped type="pytest.skip" message="No GameMonetize games imported yet">/app/backend/tests/test_gamemonetize.py:393: No GameMonetize games imported yet</skipped></testcase><testcase classname="backend.tests.test_gamemonetize.TestAdsTxt" name="test_ads_txt_accessible" time="0.109" /><testcase classname="backend.tests.test_gamemonetize.TestAdsTxt" name="test_ads_txt_contains_gamemonetize" time="0.099" /></testsuite></testsuites>