<?xml version="1.0" encoding="utf-8"?><testsuites name="pytest tests"><testsuite name="pytest" errors="0" failures="0" skipped="0" tests="8" time="10.157" timestamp="2026-01-25T10:02:52.333930+00:00" hostname="agent-env-57f0fd5e-bb5d-4ff3-9a9b-b10a2430cdaf"><testcase classname="tests.test_streak_feature.TestHealthCheck" name="test_health_endpoint" time="2.803" /><testcase classname="tests.test_streak_feature.TestLoginStreakData" name="test_login_returns_streak_fields" time="0.861" /><testcase classname="tests.test_streak_feature.TestUserStreakEndpoint" name="test_streak_endpoint_requires_auth" time="0.042" /><testcase classname="tests.test_streak_feature.TestUserStreakEndpoint" name="test_streak_endpoint_returns_data" time="1.233" /><testcase classname="tests.test_streak_feature.TestStreakLeaderboard" name="test_leaderboard_endpoint_public" time="0.582" /><testcase classname="tests.test_streak_feature.TestStreakLeaderboard" name="test_leaderboard_limit_parameter" time="0.479" /><testcase classname="tests.test_streak_feature.TestNewUserStreak" name="test_new_user_starts_with_streak" time="2.975" /><testcase classname="tests.test_streak_feature.TestAuthMeEndpoint" name="test_auth_me_returns_streak_fields" time="1.089" /></testsuite></testsuites>