<?xml version="1.0" encoding="utf-8"?><testsuites name="pytest tests"><testsuite name="pytest" errors="0" failures="0" skipped="0" tests="7" time="5.588" timestamp="2026-02-09T11:51:02.105377+00:00" hostname="agent-env-32ebdc83-9562-46fd-8adf-c16ef376aa67"><testcase classname="backend.tests.test_idle_game.TestIdleGameAPI" name="test_get_state_requires_auth" time="0.054" /><testcase classname="backend.tests.test_idle_game.TestIdleGameAPI" name="test_get_state_with_auth" time="1.707" /><testcase classname="backend.tests.test_idle_game.TestIdleGameAPI" name="test_save_state_requires_auth" time="0.043" /><testcase classname="backend.tests.test_idle_game.TestIdleGameAPI" name="test_save_state_with_auth" time="1.248" /><testcase classname="backend.tests.test_idle_game.TestIdleGameAPI" name="test_state_persistence" time="1.446" /><testcase classname="backend.tests.test_idle_game.TestIdleGameAPI" name="test_save_invalid_payload" time="0.527" /><testcase classname="backend.tests.test_idle_game.TestHealthCheck" name="test_health_endpoint" time="0.512" /></testsuite></testsuites>