<?xml version="1.0" encoding="utf-8"?><testsuites name="pytest tests"><testsuite name="pytest" errors="2" failures="5" skipped="0" tests="16" time="14.749" timestamp="2026-01-26T08:36:01.892814+00:00" hostname="agent-env-57f0fd5e-bb5d-4ff3-9a9b-b10a2430cdaf"><testcase classname="backend.tests.test_wallet_feature.TestWalletPublicEndpoints" name="test_get_coin_packages" time="0.070" /><testcase classname="backend.tests.test_wallet_feature.TestWalletPublicEndpoints" name="test_get_ad_free_options" time="0.040" /><testcase classname="backend.tests.test_wallet_feature.TestWalletAuthenticatedEndpoints" name="test_get_wallet_info" time="3.541" /><testcase classname="backend.tests.test_wallet_feature.TestWalletAuthenticatedEndpoints" name="test_get_wallet_requires_auth" time="0.699" /><testcase classname="backend.tests.test_wallet_feature.TestWalletAuthenticatedEndpoints" name="test_get_transactions" time="1.352"><failure message="assert 520 == 200&#10; +  where 520 = &lt;Response [520]&gt;.status_code">backend/tests/test_wallet_feature.py:148: in test_get_transactions
    assert response.status_code == 200
E   assert 520 == 200
E    +  where 520 = &lt;Response [520]&gt;.status_code</failure></testcase><testcase classname="backend.tests.test_wallet_feature.TestWalletAuthenticatedEndpoints" name="test_get_transactions_with_limit" time="1.367"><failure message="assert 520 == 200&#10; +  where 520 = &lt;Response [520]&gt;.status_code">backend/tests/test_wallet_feature.py:172: in test_get_transactions_with_limit
    assert response.status_code == 200
E   assert 520 == 200
E    +  where 520 = &lt;Response [520]&gt;.status_code</failure></testcase><testcase classname="backend.tests.test_wallet_feature.TestWalletAuthenticatedEndpoints" name="test_get_unlocked_games" time="1.354" /><testcase classname="backend.tests.test_wallet_feature.TestWalletPurchaseFlow" name="test_create_purchase_checkout" time="2.050"><failure message="assert 520 == 200&#10; +  where 520 = &lt;Response [520]&gt;.status_code">backend/tests/test_wallet_feature.py:219: in test_create_purchase_checkout
    assert response.status_code == 200
E   assert 520 == 200
E    +  where 520 = &lt;Response [520]&gt;.status_code</failure></testcase><testcase classname="backend.tests.test_wallet_feature.TestWalletPurchaseFlow" name="test_purchase_invalid_package" time="1.096" /><testcase classname="backend.tests.test_wallet_feature.TestWalletPurchaseFlow" name="test_purchase_requires_auth" time="0.726" /><testcase classname="backend.tests.test_wallet_feature.TestWalletSpendFlow" name="test_spend_ad_free_insufficient_coins" time="1.077" /><testcase classname="backend.tests.test_wallet_feature.TestWalletSpendFlow" name="test_spend_invalid_option" time="1.087" /><testcase classname="backend.tests.test_wallet_feature.TestWalletSpendFlow" name="test_spend_invalid_type" time="0.035"><error message="failed on setup with &quot;assert 429 == 200&#10; +  where 429 = &lt;Response [429]&gt;.status_code&quot;">backend/tests/test_wallet_feature.py:271: in setup
    assert response.status_code == 200
E   assert 429 == 200
E    +  where 429 = &lt;Response [429]&gt;.status_code</error></testcase><testcase classname="backend.tests.test_wallet_feature.TestWalletSpendFlow" name="test_spend_requires_auth" time="0.039"><error message="failed on setup with &quot;assert 429 == 200&#10; +  where 429 = &lt;Response [429]&gt;.status_code&quot;">backend/tests/test_wallet_feature.py:271: in setup
    assert response.status_code == 200
E   assert 429 == 200
E    +  where 429 = &lt;Response [429]&gt;.status_code</error></testcase><testcase classname="backend.tests.test_wallet_feature.TestWalletDataInUserResponse" name="test_login_returns_wallet_fields" time="0.043"><failure message="assert 429 == 200&#10; +  where 429 = &lt;Response [429]&gt;.status_code">backend/tests/test_wallet_feature.py:357: in test_login_returns_wallet_fields
    assert response.status_code == 200
E   assert 429 == 200
E    +  where 429 = &lt;Response [429]&gt;.status_code</failure></testcase><testcase classname="backend.tests.test_wallet_feature.TestWalletDataInUserResponse" name="test_auth_me_returns_wallet_fields" time="0.036"><failure message="KeyError: 'access_token'">backend/tests/test_wallet_feature.py:376: in test_auth_me_returns_wallet_fields
    token = login_response.json()["access_token"]
            ^^^^^^^^^^^^^^^^^^^^^^^^^^^^^^^^^^^^^
E   KeyError: 'access_token'</failure></testcase></testsuite></testsuites>